<?xml version="1.0" encoding="UTF-8"?>
<testng-results ignored="0" total="2" passed="2" failed="0" skipped="0">
  <reporter-output>
  </reporter-output>
  <suite started-at="2023-11-10T20:24:45 IST" name="Suite" finished-at="2023-11-10T20:24:45 IST" duration-ms="645">
    <groups>
    </groups>
    <test started-at="2023-11-10T20:24:45 IST" name="Test" finished-at="2023-11-10T20:24:45 IST" duration-ms="645">
      <class name="Utility.BasicCalculator">
        <test-method signature="multiplication()[pri:0, instance:Utility.BasicCalculator@156b88f5]" started-at="2023-11-10T20:24:45 IST" name="multiplication" finished-at="2023-11-10T20:24:45 IST" duration-ms="15" status="PASS">
          <reporter-output>
          </reporter-output>
        </test-method> <!-- multiplication -->
        <test-method signature="sum()[pri:0, instance:Utility.BasicCalculator@156b88f5]" started-at="2023-11-10T20:24:45 IST" name="sum" finished-at="2023-11-10T20:24:45 IST" duration-ms="1" status="PASS">
          <reporter-output>
          </reporter-output>
        </test-method> <!-- sum -->
      </class> <!-- Utility.BasicCalculator -->
    </test> <!-- Test -->
  </suite> <!-- Suite -->
</testng-results>
