<?xml version="1.0" encoding="UTF-8"?>
<testng-results ignored="0" total="1" passed="1" failed="0" skipped="0">
  <reporter-output>
  </reporter-output>
  <suite started-at="2023-11-10T19:21:12 IST" name="Suite" finished-at="2023-11-10T19:21:13 IST" duration-ms="648">
    <groups>
    </groups>
    <test started-at="2023-11-10T19:21:12 IST" name="Test" finished-at="2023-11-10T19:21:13 IST" duration-ms="648">
      <class name="Utility.BasicCalculator">
        <test-method signature="sum()[pri:0, instance:Utility.BasicCalculator@25084a1e]" started-at="2023-11-10T19:21:13 IST" name="sum" finished-at="2023-11-10T19:21:13 IST" duration-ms="25" status="PASS">
          <reporter-output>
          </reporter-output>
        </test-method> <!-- sum -->
      </class> <!-- Utility.BasicCalculator -->
    </test> <!-- Test -->
  </suite> <!-- Suite -->
</testng-results>
